生成启动时间为 2014/12/4 17:19:47。
     1>项目“D:\Projects\cvCore\cvCore\cvCore.vcxproj”在节点 2 上(build 个目标)。
     1>InitializeBuildStatus:
         正在创建“Release\cvCore.unsuccessfulbuild”，因为已指定“AlwaysCreate”。
       ClCompile:
         C:\Program Files (x86)\Microsoft Visual Studio 10.0\VC\bin\CL.exe /c /Zi /nologo /W3 /WX- /O2 /Oi /Oy- /GL /D WIN32 /D NDEBUG /D _CONSOLE /D _UNICODE /D UNICODE /Gm- /EHsc /MD /GS /Gy /fp:precise /Zc:wchar_t /Zc:forScope /Yc"StdAfx.h" /Fp"Release\cvCore.pch" /Fo"Release\\" /Fd"Release\vc100.pdb" /Gd /TP /analyze- /errorReport:prompt stdafx.cpp
         stdafx.cpp
     1>d:\projects\cvcore\cvcore\opencv2\flann\logger.h(66): warning C4996: 'fopen': This function or variable may be unsafe. Consider using fopen_s instead. To disable deprecation, use _CRT_SECURE_NO_WARNINGS. See online help for details.
                 C:\Program Files (x86)\Microsoft Visual Studio 10.0\VC\include\stdio.h(234) : 参见“fopen”的声明
     1>stdafx.cpp(335): warning C4244: “=”: 从“int”转换到“float”，可能丢失数据
     1>stdafx.cpp(346): warning C4244: “=”: 从“int”转换到“float”，可能丢失数据
     1>stdafx.cpp(373): warning C4244: “=”: 从“float”转换到“int”，可能丢失数据
     1>stdafx.cpp(387): warning C4244: “=”: 从“int”转换到“float”，可能丢失数据
     1>stdafx.cpp(389): warning C4244: “=”: 从“int”转换到“float”，可能丢失数据
     1>stdafx.cpp(424): warning C4996: 'fopen': This function or variable may be unsafe. Consider using fopen_s instead. To disable deprecation, use _CRT_SECURE_NO_WARNINGS. See online help for details.
                 C:\Program Files (x86)\Microsoft Visual Studio 10.0\VC\include\stdio.h(234) : 参见“fopen”的声明
         C:\Program Files (x86)\Microsoft Visual Studio 10.0\VC\bin\CL.exe /c /Zi /nologo /W3 /WX- /O2 /Oi /Oy- /GL /D WIN32 /D NDEBUG /D _CONSOLE /D _UNICODE /D UNICODE /Gm- /EHsc /MD /GS /Gy /fp:precise /Zc:wchar_t /Zc:forScope /Yu"StdAfx.h" /Fp"Release\cvCore.pch" /Fo"Release\\" /Fd"Release\vc100.pdb" /Gd /TP /analyze- /errorReport:prompt cvCore.cpp
         cvCore.cpp
     1>cvCore.cpp(174): warning C4244: “=”: 从“float”转换到“uchar”，可能丢失数据
     1>cvCore.cpp(192): warning C4996: 'sprintf': This function or variable may be unsafe. Consider using sprintf_s instead. To disable deprecation, use _CRT_SECURE_NO_WARNINGS. See online help for details.
                 C:\Program Files (x86)\Microsoft Visual Studio 10.0\VC\include\stdio.h(371) : 参见“sprintf”的声明
       Link:
         C:\Program Files (x86)\Microsoft Visual Studio 10.0\VC\bin\link.exe /ERRORREPORT:PROMPT /OUT:"D:\Projects\cvCore\Release\cvCore.exe" /INCREMENTAL:NO /NOLOGO /LIBPATH:libcv opencv_calib3d249.lib opencv_contrib249.lib opencv_core249.lib opencv_features2d249.lib opencv_flann249.lib opencv_gpu249.lib opencv_highgui249.lib opencv_imgproc249.lib opencv_legacy249.lib opencv_ml249.lib opencv_objdetect249.lib opencv_ts249.lib opencv_video249.lib kernel32.lib user32.lib gdi32.lib winspool.lib comdlg32.lib advapi32.lib shell32.lib ole32.lib oleaut32.lib uuid.lib odbc32.lib odbccp32.lib /MANIFEST /ManifestFile:"Release\cvCore.exe.intermediate.manifest" /MANIFESTUAC:"level='asInvoker' uiAccess='false'" /DEBUG /PDB:"D:\Projects\cvCore\Release\cvCore.pdb" /SUBSYSTEM:CONSOLE /OPT:REF /OPT:ICF /LTCG /TLBID:1 /DYNAMICBASE /NXCOMPAT /IMPLIB:"D:\Projects\cvCore\Release\cvCore.lib" /MACHINE:X86 Release\cvCore.obj
         Release\stdafx.obj
         正在生成代码
         已完成代码的生成
         cvCore.vcxproj -> D:\Projects\cvCore\Release\cvCore.exe
       Manifest:
         C:\Program Files (x86)\Microsoft SDKs\Windows\v7.0A\bin\mt.exe /nologo /verbose /outputresource:"D:\Projects\cvCore\Release\cvCore.exe;#1" /manifest Release\cvCore.exe.intermediate.manifest
       FinalizeBuildStatus:
         正在删除文件“Release\cvCore.unsuccessfulbuild”。
         正在对“Release\cvCore.lastbuildstate”执行 Touch 任务。
     1>已完成生成项目“D:\Projects\cvCore\cvCore\cvCore.vcxproj”(build 个目标)的操作。

生成成功。

已用时间 00:00:02.81
